<?xml version="1.0" encoding="UTF-8"?>
<testng-results ignored="0" total="4" passed="4" failed="0" skipped="0">
  <reporter-output>
  </reporter-output>
  <suite started-at="2023-10-18T03:15:06 IST" name="Default suite" finished-at="2023-10-18T03:15:17 IST" duration-ms="10926">
    <groups>
    </groups>
    <test started-at="2023-10-18T03:15:06 IST" name="Default test" finished-at="2023-10-18T03:15:17 IST" duration-ms="10926">
      <class name="org.sasiguides.tesng.implementations.PerformDifferentOperations">
        <test-method signature="performAddProduct()[pri:0, instance:org.sasiguides.tesng.implementations.PerformDifferentOperations@689604d9]" started-at="2023-10-18T03:15:06 IST" name="performAddProduct" finished-at="2023-10-18T03:15:14 IST" duration-ms="8197" status="PASS">
          <reporter-output>
          </reporter-output>
        </test-method> <!-- performAddProduct -->
        <test-method signature="performCreateOrderOperation()[pri:0, instance:org.sasiguides.tesng.implementations.PerformDifferentOperations@689604d9]" started-at="2023-10-18T03:15:14 IST" name="performCreateOrderOperation" finished-at="2023-10-18T03:15:16 IST" duration-ms="1366" status="PASS">
          <reporter-output>
          </reporter-output>
        </test-method> <!-- performCreateOrderOperation -->
        <test-method signature="performDeleteProduct()[pri:0, instance:org.sasiguides.tesng.implementations.PerformDifferentOperations@689604d9]" started-at="2023-10-18T03:15:16 IST" name="performDeleteProduct" finished-at="2023-10-18T03:15:17 IST" duration-ms="975" status="PASS">
          <reporter-output>
          </reporter-output>
        </test-method> <!-- performDeleteProduct -->
        <test-method signature="performLoginOperation()[pri:0, instance:org.sasiguides.tesng.implementations.PerformDifferentOperations@689604d9]" started-at="2023-10-18T03:15:17 IST" name="performLoginOperation" finished-at="2023-10-18T03:15:17 IST" duration-ms="263" status="PASS">
          <reporter-output>
          </reporter-output>
        </test-method> <!-- performLoginOperation -->
      </class> <!-- org.sasiguides.tesng.implementations.PerformDifferentOperations -->
    </test> <!-- Default test -->
  </suite> <!-- Default suite -->
</testng-results>
