<?xml version="1.0" encoding="UTF-8"?>
<!-- Generated by org.testng.reporters.JUnitXMLReporter -->
<testsuite ignored="0" hostname="Sasikumar" failures="0" tests="4" name="Default test" time="10.926" errors="0" timestamp="2023-10-18T03:15:17 IST">
  <testcase classname="org.sasiguides.tesng.implementations.PerformDifferentOperations" name="performAddProduct" time="8.197"/>
  <testcase classname="org.sasiguides.tesng.implementations.PerformDifferentOperations" name="performCreateOrderOperation" time="1.366"/>
  <testcase classname="org.sasiguides.tesng.implementations.PerformDifferentOperations" name="performDeleteProduct" time="0.975"/>
  <testcase classname="org.sasiguides.tesng.implementations.PerformDifferentOperations" name="performLoginOperation" time="0.263"/>
</testsuite> <!-- Default test -->
