<?xml version="1.0" encoding="UTF-8"?>
<!-- Generated by org.testng.reporters.JUnitXMLReporter -->
<testsuite ignored="0" hostname="Sasikumar" failures="0" tests="4" name="Default test" time="12.832" errors="0" timestamp="2023-10-18T03:18:16 IST">
  <testcase classname="org.sasiguides.tesng.implementations.PerformDifferentOperations" name="performAddProduct" time="9.492"/>
  <testcase classname="org.sasiguides.tesng.implementations.PerformDifferentOperations" name="performCreateOrderOperation" time="1.69"/>
  <testcase classname="org.sasiguides.tesng.implementations.PerformDifferentOperations" name="performDeleteProduct" time="1.293"/>
  <testcase classname="org.sasiguides.tesng.implementations.PerformDifferentOperations" name="performLoginOperation" time="0.246"/>
</testsuite> <!-- Default test -->
